# JRE version: OpenJDK Runtime Environment Homebrew (20.0.1) (build 20.0.1)
# Java VM: OpenJDK 64-Bit Server VM Homebrew (20.0.1, mixed mode, sharing, tiered, compressed oops, compressed class ptrs, g1 gc, bsd-aarch64)
GC Precious Log:
 CardTable entry size: 512
 Card Set container configuration: InlinePtr #cards 5 size 8 Array Of Cards #cards 12 size 40 Howl #buckets 4 coarsen threshold 1843 Howl Bitmap #cards 512 size 80 coarsen threshold 460 Card regions per heap region 1 cards per card region 2048
 CPUs: 8 total, 8 available
 Memory: 8192M
 Large Page Support: Disabled
 NUMA Support: Disabled
 Compressed Oops: Enabled (Zero based)
 Heap Region Size: 1M
 Heap Min Capacity: 8M
 Heap Initial Capacity: 128M
 Heap Max Capacity: 2G
 Pre-touch: Disabled
 Parallel Workers: 8
 Concurrent Workers: 2
 Concurrent Refinement Workers: 8
 Periodic GC: Disabled
Heap:
 garbage-first heap   total 47104K, used 23303K [0x0000000780000000, 0x0000000800000000)
  region size 1024K, 2 young (2048K), 1 survivors (1024K)
 Metaspace       used 28900K, committed 29440K, reserved 1114112K
  class space    used 3842K, committed 4096K, reserved 1048576K
GC Heap History (20 events):
Event: 0,405 GC heap before
{Heap before GC invocations=0 (full 0):
 garbage-first heap   total 133120K, used 23520K [0x0000000780000000, 0x0000000800000000)
  region size 1024K, 23 young (23552K), 0 survivors (0K)
 Metaspace       used 7374K, committed 7616K, reserved 1114112K
  class space    used 903K, committed 1024K, reserved 1048576K
}
Event: 0,407 GC heap after
{Heap after GC invocations=1 (full 0):
 garbage-first heap   total 133120K, used 4128K [0x0000000780000000, 0x0000000800000000)
  region size 1024K, 3 young (3072K), 3 survivors (3072K)
 Metaspace       used 7374K, committed 7616K, reserved 1114112K
  class space    used 903K, committed 1024K, reserved 1048576K
}
Event: 1,368 GC heap before
{Heap before GC invocations=1 (full 0):
 garbage-first heap   total 133120K, used 43040K [0x0000000780000000, 0x0000000800000000)
  region size 1024K, 42 young (43008K), 3 survivors (3072K)
 Metaspace       used 21033K, committed 21440K, reserved 1114112K
  class space    used 3044K, committed 3200K, reserved 1048576K
}
Event: 1,372 GC heap after
{Heap after GC invocations=2 (full 0):
 garbage-first heap   total 133120K, used 10309K [0x0000000780000000, 0x0000000800000000)
  region size 1024K, 6 young (6144K), 6 survivors (6144K)
 Metaspace       used 21033K, committed 21440K, reserved 1114112K
  class space    used 3044K, committed 3200K, reserved 1048576K
}
Event: 1,377 GC heap before
{Heap before GC invocations=2 (full 0):
 garbage-first heap   total 133120K, used 11333K [0x0000000780000000, 0x0000000800000000)
  region size 1024K, 8 young (8192K), 6 survivors (6144K)
 Metaspace       used 21108K, committed 21504K, reserved 1114112K
  class space    used 3056K, committed 3264K, reserved 1048576K
}
Event: 1,379 GC heap after
{Heap after GC invocations=3 (full 0):
 garbage-first heap   total 133120K, used 10610K [0x0000000780000000, 0x0000000800000000)
  region size 1024K, 4 young (4096K), 4 survivors (4096K)
 Metaspace       used 21108K, committed 21504K, reserved 1114112K
  class space    used 3056K, committed 3264K, reserved 1048576K
}
Event: 2,252 GC heap before
{Heap before GC invocations=4 (full 0):
 garbage-first heap   total 45056K, used 36210K [0x0000000780000000, 0x0000000800000000)
  region size 1024K, 26 young (26624K), 4 survivors (4096K)
 Metaspace       used 25497K, committed 26048K, reserved 1114112K
  class space    used 3667K, committed 3904K, reserved 1048576K
}
Event: 2,255 GC heap after
{Heap after GC invocations=5 (full 0):
 garbage-first heap   total 46080K, used 15192K [0x0000000780000000, 0x0000000800000000)
  region size 1024K, 3 young (3072K), 3 survivors (3072K)
 Metaspace       used 25497K, committed 26048K, reserved 1114112K
  class space    used 3667K, committed 3904K, reserved 1048576K
}
Event: 3,394 GC heap before
{Heap before GC invocations=5 (full 0):
 garbage-first heap   total 46080K, used 34648K [0x0000000780000000, 0x0000000800000000)
  region size 1024K, 23 young (23552K), 3 survivors (3072K)
 Metaspace       used 26362K, committed 26880K, reserved 1114112K
  class space    used 3693K, committed 3904K, reserved 1048576K
}
Event: 3,396 GC heap after
{Heap after GC invocations=6 (full 0):
 garbage-first heap   total 46080K, used 16243K [0x0000000780000000, 0x0000000800000000)
  region size 1024K, 2 young (2048K), 2 survivors (2048K)
 Metaspace       used 26362K, committed 26880K, reserved 1114112K
  class space    used 3693K, committed 3904K, reserved 1048576K
}
Event: 9,716 GC heap before
{Heap before GC invocations=6 (full 0):
 garbage-first heap   total 46080K, used 36723K [0x0000000780000000, 0x0000000800000000)
  region size 1024K, 22 young (22528K), 2 survivors (2048K)
 Metaspace       used 27314K, committed 27776K, reserved 1114112K
  class space    used 3707K, committed 3904K, reserved 1048576K
}
Event: 9,719 GC heap after
{Heap after GC invocations=7 (full 0):
 garbage-first heap   total 46080K, used 19325K [0x0000000780000000, 0x0000000800000000)
  region size 1024K, 3 young (3072K), 3 survivors (3072K)
 Metaspace       used 27314K, committed 27776K, reserved 1114112K
  class space    used 3707K, committed 3904K, reserved 1048576K
}
Event: 14,137 GC heap before
{Heap before GC invocations=7 (full 0):
 garbage-first heap   total 46080K, used 36733K [0x0000000780000000, 0x0000000800000000)
  region size 1024K, 21 young (21504K), 3 survivors (3072K)
 Metaspace       used 27921K, committed 28416K, reserved 1114112K
  class space    used 3754K, committed 3968K, reserved 1048576K
}
Event: 14,138 GC heap after
{Heap after GC invocations=8 (full 0):
 garbage-first heap   total 46080K, used 20724K [0x0000000780000000, 0x0000000800000000)
  region size 1024K, 2 young (2048K), 2 survivors (2048K)
 Metaspace       used 27921K, committed 28416K, reserved 1114112K
  class space    used 3754K, committed 3968K, reserved 1048576K
}
Event: 15,539 GC heap before
{Heap before GC invocations=8 (full 0):
 garbage-first heap   total 46080K, used 36084K [0x0000000780000000, 0x0000000800000000)
  region size 1024K, 19 young (19456K), 2 survivors (2048K)
 Metaspace       used 28497K, committed 29056K, reserved 1114112K
  class space    used 3797K, committed 4032K, reserved 1048576K
}
Event: 15,542 GC heap after
{Heap after GC invocations=9 (full 0):
 garbage-first heap   total 46080K, used 21150K [0x0000000780000000, 0x0000000800000000)
  region size 1024K, 2 young (2048K), 2 survivors (2048K)
 Metaspace       used 28497K, committed 29056K, reserved 1114112K
  class space    used 3797K, committed 4032K, reserved 1048576K
}
Event: 15,655 GC heap before
{Heap before GC invocations=9 (full 0):
 garbage-first heap   total 46080K, used 22174K [0x0000000780000000, 0x0000000800000000)
  region size 1024K, 3 young (3072K), 2 survivors (2048K)
 Metaspace       used 28527K, committed 29056K, reserved 1114112K
  class space    used 3797K, committed 4032K, reserved 1048576K
}
Event: 15,657 GC heap after
{Heap after GC invocations=10 (full 0):
 garbage-first heap   total 46080K, used 21892K [0x0000000780000000, 0x0000000800000000)
  region size 1024K, 1 young (1024K), 1 survivors (1024K)
 Metaspace       used 28527K, committed 29056K, reserved 1114112K
  class space    used 3797K, committed 4032K, reserved 1048576K
}
Event: 16,450 GC heap before
{Heap before GC invocations=11 (full 0):
 garbage-first heap   total 46080K, used 43396K [0x0000000780000000, 0x0000000800000000)
  region size 1024K, 8 young (8192K), 1 survivors (1024K)
 Metaspace       used 28895K, committed 29440K, reserved 1114112K
  class space    used 3842K, committed 4096K, reserved 1048576K
}
Event: 16,451 GC heap after
{Heap after GC invocations=12 (full 0):
 garbage-first heap   total 47104K, used 23303K [0x0000000780000000, 0x0000000800000000)
  region size 1024K, 1 young (1024K), 1 survivors (1024K)
 Metaspace       used 28895K, committed 29440K, reserved 1114112K
  class space    used 3842K, committed 4096K, reserved 1048576K
}

