# JRE version: OpenJDK Runtime Environment Homebrew (20.0.1) (build 20.0.1)
# Java VM: OpenJDK 64-Bit Server VM Homebrew (20.0.1, mixed mode, sharing, tiered, compressed oops, compressed class ptrs, g1 gc, bsd-aarch64)
GC Precious Log:
 CardTable entry size: 512
 Card Set container configuration: InlinePtr #cards 5 size 8 Array Of Cards #cards 12 size 40 Howl #buckets 4 coarsen threshold 1843 Howl Bitmap #cards 512 size 80 coarsen threshold 460 Card regions per heap region 1 cards per card region 2048
 CPUs: 8 total, 8 available
 Memory: 8192M
 Large Page Support: Disabled
 NUMA Support: Disabled
 Compressed Oops: Enabled (Zero based)
 Heap Region Size: 1M
 Heap Min Capacity: 8M
 Heap Initial Capacity: 128M
 Heap Max Capacity: 2G
 Pre-touch: Disabled
 Parallel Workers: 8
 Concurrent Workers: 2
 Concurrent Refinement Workers: 8
 Periodic GC: Disabled
Heap:
 garbage-first heap   total 50176K, used 46114K [0x0000000780000000, 0x0000000800000000)
  region size 1024K, 10 young (10240K), 2 survivors (2048K)
 Metaspace       used 29047K, committed 29568K, reserved 1114112K
  class space    used 3856K, committed 4096K, reserved 1048576K
GC Heap History (16 events):
Event: 0,406 GC heap before
{Heap before GC invocations=0 (full 0):
 garbage-first heap   total 133120K, used 23520K [0x0000000780000000, 0x0000000800000000)
  region size 1024K, 23 young (23552K), 0 survivors (0K)
 Metaspace       used 7373K, committed 7680K, reserved 1114112K
  class space    used 905K, committed 1024K, reserved 1048576K
}
Event: 0,408 GC heap after
{Heap after GC invocations=1 (full 0):
 garbage-first heap   total 133120K, used 4309K [0x0000000780000000, 0x0000000800000000)
  region size 1024K, 3 young (3072K), 3 survivors (3072K)
 Metaspace       used 7373K, committed 7680K, reserved 1114112K
  class space    used 905K, committed 1024K, reserved 1048576K
}
Event: 1,330 GC heap before
{Heap before GC invocations=1 (full 0):
 garbage-first heap   total 133120K, used 43221K [0x0000000780000000, 0x0000000800000000)
  region size 1024K, 42 young (43008K), 3 survivors (3072K)
 Metaspace       used 20923K, committed 21376K, reserved 1114112K
  class space    used 3025K, committed 3200K, reserved 1048576K
}
Event: 1,334 GC heap after
{Heap after GC invocations=2 (full 0):
 garbage-first heap   total 133120K, used 10391K [0x0000000780000000, 0x0000000800000000)
  region size 1024K, 6 young (6144K), 6 survivors (6144K)
 Metaspace       used 20923K, committed 21376K, reserved 1114112K
  class space    used 3025K, committed 3200K, reserved 1048576K
}
Event: 1,340 GC heap before
{Heap before GC invocations=2 (full 0):
 garbage-first heap   total 133120K, used 11415K [0x0000000780000000, 0x0000000800000000)
  region size 1024K, 8 young (8192K), 6 survivors (6144K)
 Metaspace       used 21088K, committed 21504K, reserved 1114112K
  class space    used 3056K, committed 3264K, reserved 1048576K
}
Event: 1,342 GC heap after
{Heap after GC invocations=3 (full 0):
 garbage-first heap   total 133120K, used 11021K [0x0000000780000000, 0x0000000800000000)
  region size 1024K, 4 young (4096K), 4 survivors (4096K)
 Metaspace       used 21088K, committed 21504K, reserved 1114112K
  class space    used 3056K, committed 3264K, reserved 1048576K
}
Event: 2,329 GC heap before
{Heap before GC invocations=4 (full 0):
 garbage-first heap   total 48128K, used 38669K [0x0000000780000000, 0x0000000800000000)
  region size 1024K, 28 young (28672K), 4 survivors (4096K)
 Metaspace       used 25585K, committed 26112K, reserved 1114112K
  class space    used 3680K, committed 3904K, reserved 1048576K
}
Event: 2,332 GC heap after
{Heap after GC invocations=5 (full 0):
 garbage-first heap   total 49152K, used 15836K [0x0000000780000000, 0x0000000800000000)
  region size 1024K, 3 young (3072K), 3 survivors (3072K)
 Metaspace       used 25585K, committed 26112K, reserved 1114112K
  class space    used 3680K, committed 3904K, reserved 1048576K
}
Event: 4,274 GC heap before
{Heap before GC invocations=5 (full 0):
 garbage-first heap   total 49152K, used 38364K [0x0000000780000000, 0x0000000800000000)
  region size 1024K, 25 young (25600K), 3 survivors (3072K)
 Metaspace       used 26634K, committed 27136K, reserved 1114112K
  class space    used 3708K, committed 3904K, reserved 1048576K
}
Event: 4,276 GC heap after
{Heap after GC invocations=6 (full 0):
 garbage-first heap   total 49152K, used 18019K [0x0000000780000000, 0x0000000800000000)
  region size 1024K, 2 young (2048K), 2 survivors (2048K)
 Metaspace       used 26634K, committed 27136K, reserved 1114112K
  class space    used 3708K, committed 3904K, reserved 1048576K
}
Event: 11,548 GC heap before
{Heap before GC invocations=6 (full 0):
 garbage-first heap   total 49152K, used 38499K [0x0000000780000000, 0x0000000800000000)
  region size 1024K, 23 young (23552K), 2 survivors (2048K)
 Metaspace       used 27534K, committed 28096K, reserved 1114112K
  class space    used 3725K, committed 3968K, reserved 1048576K
}
Event: 11,550 GC heap after
{Heap after GC invocations=7 (full 0):
 garbage-first heap   total 49152K, used 20175K [0x0000000780000000, 0x0000000800000000)
  region size 1024K, 3 young (3072K), 3 survivors (3072K)
 Metaspace       used 27534K, committed 28096K, reserved 1114112K
  class space    used 3725K, committed 3968K, reserved 1048576K
}
Event: 13,962 GC heap before
{Heap before GC invocations=7 (full 0):
 garbage-first heap   total 49152K, used 43727K [0x0000000780000000, 0x0000000800000000)
  region size 1024K, 23 young (23552K), 3 survivors (3072K)
 Metaspace       used 28082K, committed 28608K, reserved 1114112K
  class space    used 3765K, committed 3968K, reserved 1048576K
}
Event: 13,964 GC heap after
{Heap after GC invocations=8 (full 0):
 garbage-first heap   total 50176K, used 23100K [0x0000000780000000, 0x0000000800000000)
  region size 1024K, 1 young (1024K), 1 survivors (1024K)
 Metaspace       used 28082K, committed 28608K, reserved 1114112K
  class space    used 3765K, committed 3968K, reserved 1048576K
}
Event: 16,147 GC heap before
{Heap before GC invocations=8 (full 0):
 garbage-first heap   total 50176K, used 34364K [0x0000000780000000, 0x0000000800000000)
  region size 1024K, 14 young (14336K), 1 survivors (1024K)
 Metaspace       used 28638K, committed 29184K, reserved 1114112K
  class space    used 3811K, committed 4032K, reserved 1048576K
}
Event: 16,150 GC heap after
{Heap after GC invocations=9 (full 0):
 garbage-first heap   total 50176K, used 23586K [0x0000000780000000, 0x0000000800000000)
  region size 1024K, 2 young (2048K), 2 survivors (2048K)
 Metaspace       used 28638K, committed 29184K, reserved 1114112K
  class space    used 3811K, committed 4032K, reserved 1048576K
}

